<?xml version="1.0" encoding="UTF-8"?>
<testng-results skipped="0" failed="0" ignored="0" total="1" passed="1">
  <reporter-output>
  </reporter-output>
  <suite name="Regression" duration-ms="9990" started-at="2017-09-15T18:39:50Z" finished-at="2017-09-15T18:40:00Z">
    <groups>
      <group name="cucumber">
        <method signature="AbstractTestNGCucumberTests.feature(cucumber.api.testng.CucumberFeatureWrapper)[pri:0, instance:runner.RunTest@35fb3008]" name="feature" class="cucumber.api.testng.AbstractTestNGCucumberTests"/>
      </group> <!-- cucumber -->
    </groups>
    <test name="Window" duration-ms="9990" started-at="2017-09-15T18:39:50Z" finished-at="2017-09-15T18:40:00Z">
      <class name="runner.RunTest">
        <test-method status="PASS" signature="setUpClass()[pri:0, instance:runner.RunTest@35fb3008]" name="setUpClass" is-config="true" duration-ms="326" started-at="2017-09-16T00:09:50Z" finished-at="2017-09-16T00:09:50Z">
          <reporter-output>
          </reporter-output>
        </test-method> <!-- setUpClass -->
        <test-method status="PASS" signature="feature(cucumber.api.testng.CucumberFeatureWrapper)[pri:0, instance:runner.RunTest@35fb3008]" name="feature" duration-ms="9526" started-at="2017-09-16T00:09:50Z" description="Runs Cucumber Feature" data-provider="features" finished-at="2017-09-16T00:10:00Z">
          <params>
            <param index="0">
              <value>
                <![CDATA[Google Search]]>
              </value>
            </param>
          </params>
          <reporter-output>
          </reporter-output>
        </test-method> <!-- feature -->
        <test-method status="PASS" signature="tearDownClass()[pri:0, instance:runner.RunTest@35fb3008]" name="tearDownClass" is-config="true" duration-ms="18" started-at="2017-09-16T00:10:00Z" finished-at="2017-09-16T00:10:00Z">
          <reporter-output>
          </reporter-output>
        </test-method> <!-- tearDownClass -->
      </class> <!-- runner.RunTest -->
    </test> <!-- Window -->
  </suite> <!-- Regression -->
</testng-results>
