<?xml version="1.0" encoding="UTF-8"?>
<testng-results skipped="0" failed="0" ignored="0" total="1" passed="1">
  <reporter-output>
  </reporter-output>
  <suite name="Regression" duration-ms="18802" started-at="2017-08-12T18:10:29Z" finished-at="2017-08-12T18:10:48Z">
    <groups>
      <group name="cucumber">
        <method signature="AbstractTestNGCucumberTests.feature(cucumber.api.testng.CucumberFeatureWrapper)[pri:0, instance:runner.RunTest@4cb2c100]" name="feature" class="cucumber.api.testng.AbstractTestNGCucumberTests"/>
      </group> <!-- cucumber -->
    </groups>
    <test name="Window" duration-ms="18802" started-at="2017-08-12T18:10:29Z" finished-at="2017-08-12T18:10:48Z">
      <class name="runner.RunTest">
        <test-method status="PASS" signature="setUpClass()[pri:0, instance:runner.RunTest@4cb2c100]" name="setUpClass" is-config="true" duration-ms="359" started-at="2017-08-12T23:40:29Z" finished-at="2017-08-12T23:40:29Z">
          <reporter-output>
          </reporter-output>
        </test-method> <!-- setUpClass -->
        <test-method status="PASS" signature="feature(cucumber.api.testng.CucumberFeatureWrapper)[pri:0, instance:runner.RunTest@4cb2c100]" name="feature" duration-ms="18296" started-at="2017-08-12T23:40:30Z" description="Runs Cucumber Feature" data-provider="features" finished-at="2017-08-12T23:40:48Z">
          <params>
            <param index="0">
              <value>
                <![CDATA[Google Search]]>
              </value>
            </param>
          </params>
          <reporter-output>
          </reporter-output>
        </test-method> <!-- feature -->
        <test-method status="PASS" signature="tearDownClass()[pri:0, instance:runner.RunTest@4cb2c100]" name="tearDownClass" is-config="true" duration-ms="10" started-at="2017-08-12T23:40:48Z" finished-at="2017-08-12T23:40:48Z">
          <reporter-output>
          </reporter-output>
        </test-method> <!-- tearDownClass -->
      </class> <!-- runner.RunTest -->
    </test> <!-- Window -->
  </suite> <!-- Regression -->
</testng-results>
